<?xml version="1.0" encoding="UTF-8"?>
<!-- Generated by org.testng.reporters.JUnitReportReporter -->
<testsuite skipped="0" hostname="pradeep-PC" name="com.test.automation.uiautomation.homepage.TC001_VerifyloginWithInvalidCredentials" tests="1" failures="0" timestamp="17 Jan 2018 17:01:02 GMT" time="0.012" errors="0">
  <testcase name="verifyloginWithInvalidCredentials" time="0.012" classname="com.test.automation.uiautomation.homepage.TC001_VerifyloginWithInvalidCredentials"/>
</testsuite> <!-- com.test.automation.uiautomation.homepage.TC001_VerifyloginWithInvalidCredentials -->
